{"uuid":"4ec87d0e-790b-4315-b0e6-01326b4e11f4","historyId":"42b24c45f8df3d9f6207136c7b02be2c","fullName":"features/documentationpagetests.feature:6","labels":[{"name":"host","value":"EPUAKHAW0C45"},{"name":"thread","value":"340@EPUAKHAW0C45.main(1)"},{"name":"feature","value":"Documentation page"},{"name":"story","value":"As a selenium.dev user I want to see 'Writing your first Selenium script' examples on 'Documentation page"},{"name":"suite","value":"Documentation page"},{"name":"testClass","value":"As a selenium.dev user I want to see 'Writing your first Selenium script' examples on 'Documentation page"},{"name":"framework","value":"cucumber4jvm"},{"name":"language","value":"java"},{"name":"gherkin_uri","value":"classpath:features/documentationpagetests.feature"},{"name":"package","value":"features.documentationpagetests_feature.Documentation page"}],"links":[],"name":"As a selenium.dev user I want to see 'Writing your first Selenium script' examples on 'Documentation page","status":"broken","statusDetails":{"known":false,"muted":false,"flaky":false,"message":"element click intercepted: Element <button class=\"nav-link active persistLang-Java\" id=\"tabs-03-00-tab\" data-bs-toggle=\"tab\" data-bs-target=\"#tabs-03-00\" role=\"tab\" onclick=\"persistLang(&quot;Java&quot;)\" aria-controls=\"tabs-03-00\" aria-selected=\"true\">...</button> is not clickable at point (332, 21). Other element would receive the click: <div class=\"collapse navbar-collapse justify-content-end\" id=\"main_navbar\">...</div>\n  (Session info: chrome=118.0.5993.71)\nBuild info: version: '4.13.0', revision: 'ba948ece5b*'\nSystem info: os.name: 'Windows 10', os.arch: 'amd64', os.version: '10.0', java.version: '11.0.15'\nDriver info: org.openqa.selenium.chrome.ChromeDriver\nCommand: [533b7015c2fdc4f5118b52f3bb60501f, clickElement {id=BC1F66974B3295B5461221C3FFD109AC_element_41}]\nCapabilities {acceptInsecureCerts: false, browserName: chrome, browserVersion: 118.0.5993.71, chrome: {chromedriverVersion: 118.0.5993.70 (e52f33f30b91..., userDataDir: C:\\Users\\ANTON_~1\\AppData\\L...}, fedcm:accounts: true, goog:chromeOptions: {debuggerAddress: localhost:55000}, networkConnectionEnabled: false, pageLoadStrategy: normal, platformName: windows, proxy: Proxy(), se:cdp: ws://localhost:55000/devtoo..., se:cdpVersion: 118.0.5993.71, setWindowRect: true, strictFileInteractability: false, timeouts: {implicit: 0, pageLoad: 300000, script: 30000}, unhandledPromptBehavior: dismiss and notify, webauthn:extension:credBlob: true, webauthn:extension:largeBlob: true, webauthn:extension:minPinLength: true, webauthn:extension:prf: true, webauthn:virtualAuthenticators: true}\nElement: [[ChromeDriver: chrome on windows (533b7015c2fdc4f5118b52f3bb60501f)] -> xpath: //button[@class='nav-link active persistLang-Java']]\nSession ID: 533b7015c2fdc4f5118b52f3bb60501f","trace":"org.openqa.selenium.ElementClickInterceptedException: element click intercepted: Element <button class=\"nav-link active persistLang-Java\" id=\"tabs-03-00-tab\" data-bs-toggle=\"tab\" data-bs-target=\"#tabs-03-00\" role=\"tab\" onclick=\"persistLang(&quot;Java&quot;)\" aria-controls=\"tabs-03-00\" aria-selected=\"true\">...</button> is not clickable at point (332, 21). Other element would receive the click: <div class=\"collapse navbar-collapse justify-content-end\" id=\"main_navbar\">...</div>\n  (Session info: chrome=118.0.5993.71)\nBuild info: version: '4.13.0', revision: 'ba948ece5b*'\nSystem info: os.name: 'Windows 10', os.arch: 'amd64', os.version: '10.0', java.version: '11.0.15'\nDriver info: org.openqa.selenium.chrome.ChromeDriver\nCommand: [533b7015c2fdc4f5118b52f3bb60501f, clickElement {id=BC1F66974B3295B5461221C3FFD109AC_element_41}]\nCapabilities {acceptInsecureCerts: false, browserName: chrome, browserVersion: 118.0.5993.71, chrome: {chromedriverVersion: 118.0.5993.70 (e52f33f30b91..., userDataDir: C:\\Users\\ANTON_~1\\AppData\\L...}, fedcm:accounts: true, goog:chromeOptions: {debuggerAddress: localhost:55000}, networkConnectionEnabled: false, pageLoadStrategy: normal, platformName: windows, proxy: Proxy(), se:cdp: ws://localhost:55000/devtoo..., se:cdpVersion: 118.0.5993.71, setWindowRect: true, strictFileInteractability: false, timeouts: {implicit: 0, pageLoad: 300000, script: 30000}, unhandledPromptBehavior: dismiss and notify, webauthn:extension:credBlob: true, webauthn:extension:largeBlob: true, webauthn:extension:minPinLength: true, webauthn:extension:prf: true, webauthn:virtualAuthenticators: true}\nElement: [[ChromeDriver: chrome on windows (533b7015c2fdc4f5118b52f3bb60501f)] -> xpath: //button[@class='nav-link active persistLang-Java']]\nSession ID: 533b7015c2fdc4f5118b52f3bb60501f\r\n\tat java.base/jdk.internal.reflect.NativeConstructorAccessorImpl.newInstance0(Native Method)\r\n\tat java.base/jdk.internal.reflect.NativeConstructorAccessorImpl.newInstance(NativeConstructorAccessorImpl.java:62)\r\n\tat java.base/jdk.internal.reflect.DelegatingConstructorAccessorImpl.newInstance(DelegatingConstructorAccessorImpl.java:45)\r\n\tat java.base/java.lang.reflect.Constructor.newInstance(Constructor.java:490)\r\n\tat org.openqa.selenium.remote.codec.w3c.W3CHttpResponseCodec.createException(W3CHttpResponseCodec.java:200)\r\n\tat org.openqa.selenium.remote.codec.w3c.W3CHttpResponseCodec.decode(W3CHttpResponseCodec.java:133)\r\n\tat org.openqa.selenium.remote.codec.w3c.W3CHttpResponseCodec.decode(W3CHttpResponseCodec.java:52)\r\n\tat org.openqa.selenium.remote.HttpCommandExecutor.execute(HttpCommandExecutor.java:191)\r\n\tat org.openqa.selenium.remote.service.DriverCommandExecutor.invokeExecute(DriverCommandExecutor.java:196)\r\n\tat org.openqa.selenium.remote.service.DriverCommandExecutor.execute(DriverCommandExecutor.java:171)\r\n\tat org.openqa.selenium.remote.RemoteWebDriver.execute(RemoteWebDriver.java:602)\r\n\tat org.openqa.selenium.remote.RemoteWebElement.execute(RemoteWebElement.java:224)\r\n\tat org.openqa.selenium.remote.RemoteWebElement.click(RemoteWebElement.java:77)\r\n\tat dev.selenium.pageelements.Button.clickOnButton(Button.java:12)\r\n\tat dev.selenium.pages.DocumentationPage.clickOnTabButton(DocumentationPage.java:39)\r\n\tat dev.selenium.stepdefinitions.DocumentationPageSteps.userSeesCodeSnippetsOfProgramingLanguages(DocumentationPageSteps.java:36)\r\n\tat ✽.user sees code snippets of programing languages(classpath:features/documentationpagetests.feature:8)\r\n"},"stage":"finished","steps":[{"name":"Given  User visit home page","status":"passed","statusDetails":{"known":false,"muted":false,"flaky":false},"stage":"finished","steps":[],"attachments":[],"parameters":[],"start":1697614207844,"stop":1697614212033},{"name":"When  user clicks on Documentation link","status":"passed","statusDetails":{"known":false,"muted":false,"flaky":false},"stage":"finished","steps":[],"attachments":[],"parameters":[],"start":1697614212038,"stop":1697614212416},{"name":"Then  user sees code snippets of programing languages","status":"broken","statusDetails":{"known":false,"muted":false,"flaky":false,"message":"element click intercepted: Element <button class=\"nav-link active persistLang-Java\" id=\"tabs-03-00-tab\" data-bs-toggle=\"tab\" data-bs-target=\"#tabs-03-00\" role=\"tab\" onclick=\"persistLang(&quot;Java&quot;)\" aria-controls=\"tabs-03-00\" aria-selected=\"true\">...</button> is not clickable at point (332, 21). Other element would receive the click: <div class=\"collapse navbar-collapse justify-content-end\" id=\"main_navbar\">...</div>\n  (Session info: chrome=118.0.5993.71)\nBuild info: version: '4.13.0', revision: 'ba948ece5b*'\nSystem info: os.name: 'Windows 10', os.arch: 'amd64', os.version: '10.0', java.version: '11.0.15'\nDriver info: org.openqa.selenium.chrome.ChromeDriver\nCommand: [533b7015c2fdc4f5118b52f3bb60501f, clickElement {id=BC1F66974B3295B5461221C3FFD109AC_element_41}]\nCapabilities {acceptInsecureCerts: false, browserName: chrome, browserVersion: 118.0.5993.71, chrome: {chromedriverVersion: 118.0.5993.70 (e52f33f30b91..., userDataDir: C:\\Users\\ANTON_~1\\AppData\\L...}, fedcm:accounts: true, goog:chromeOptions: {debuggerAddress: localhost:55000}, networkConnectionEnabled: false, pageLoadStrategy: normal, platformName: windows, proxy: Proxy(), se:cdp: ws://localhost:55000/devtoo..., se:cdpVersion: 118.0.5993.71, setWindowRect: true, strictFileInteractability: false, timeouts: {implicit: 0, pageLoad: 300000, script: 30000}, unhandledPromptBehavior: dismiss and notify, webauthn:extension:credBlob: true, webauthn:extension:largeBlob: true, webauthn:extension:minPinLength: true, webauthn:extension:prf: true, webauthn:virtualAuthenticators: true}\nElement: [[ChromeDriver: chrome on windows (533b7015c2fdc4f5118b52f3bb60501f)] -> xpath: //button[@class='nav-link active persistLang-Java']]\nSession ID: 533b7015c2fdc4f5118b52f3bb60501f","trace":"org.openqa.selenium.ElementClickInterceptedException: element click intercepted: Element <button class=\"nav-link active persistLang-Java\" id=\"tabs-03-00-tab\" data-bs-toggle=\"tab\" data-bs-target=\"#tabs-03-00\" role=\"tab\" onclick=\"persistLang(&quot;Java&quot;)\" aria-controls=\"tabs-03-00\" aria-selected=\"true\">...</button> is not clickable at point (332, 21). Other element would receive the click: <div class=\"collapse navbar-collapse justify-content-end\" id=\"main_navbar\">...</div>\n  (Session info: chrome=118.0.5993.71)\nBuild info: version: '4.13.0', revision: 'ba948ece5b*'\nSystem info: os.name: 'Windows 10', os.arch: 'amd64', os.version: '10.0', java.version: '11.0.15'\nDriver info: org.openqa.selenium.chrome.ChromeDriver\nCommand: [533b7015c2fdc4f5118b52f3bb60501f, clickElement {id=BC1F66974B3295B5461221C3FFD109AC_element_41}]\nCapabilities {acceptInsecureCerts: false, browserName: chrome, browserVersion: 118.0.5993.71, chrome: {chromedriverVersion: 118.0.5993.70 (e52f33f30b91..., userDataDir: C:\\Users\\ANTON_~1\\AppData\\L...}, fedcm:accounts: true, goog:chromeOptions: {debuggerAddress: localhost:55000}, networkConnectionEnabled: false, pageLoadStrategy: normal, platformName: windows, proxy: Proxy(), se:cdp: ws://localhost:55000/devtoo..., se:cdpVersion: 118.0.5993.71, setWindowRect: true, strictFileInteractability: false, timeouts: {implicit: 0, pageLoad: 300000, script: 30000}, unhandledPromptBehavior: dismiss and notify, webauthn:extension:credBlob: true, webauthn:extension:largeBlob: true, webauthn:extension:minPinLength: true, webauthn:extension:prf: true, webauthn:virtualAuthenticators: true}\nElement: [[ChromeDriver: chrome on windows (533b7015c2fdc4f5118b52f3bb60501f)] -> xpath: //button[@class='nav-link active persistLang-Java']]\nSession ID: 533b7015c2fdc4f5118b52f3bb60501f\r\n\tat java.base/jdk.internal.reflect.NativeConstructorAccessorImpl.newInstance0(Native Method)\r\n\tat java.base/jdk.internal.reflect.NativeConstructorAccessorImpl.newInstance(NativeConstructorAccessorImpl.java:62)\r\n\tat java.base/jdk.internal.reflect.DelegatingConstructorAccessorImpl.newInstance(DelegatingConstructorAccessorImpl.java:45)\r\n\tat java.base/java.lang.reflect.Constructor.newInstance(Constructor.java:490)\r\n\tat org.openqa.selenium.remote.codec.w3c.W3CHttpResponseCodec.createException(W3CHttpResponseCodec.java:200)\r\n\tat org.openqa.selenium.remote.codec.w3c.W3CHttpResponseCodec.decode(W3CHttpResponseCodec.java:133)\r\n\tat org.openqa.selenium.remote.codec.w3c.W3CHttpResponseCodec.decode(W3CHttpResponseCodec.java:52)\r\n\tat org.openqa.selenium.remote.HttpCommandExecutor.execute(HttpCommandExecutor.java:191)\r\n\tat org.openqa.selenium.remote.service.DriverCommandExecutor.invokeExecute(DriverCommandExecutor.java:196)\r\n\tat org.openqa.selenium.remote.service.DriverCommandExecutor.execute(DriverCommandExecutor.java:171)\r\n\tat org.openqa.selenium.remote.RemoteWebDriver.execute(RemoteWebDriver.java:602)\r\n\tat org.openqa.selenium.remote.RemoteWebElement.execute(RemoteWebElement.java:224)\r\n\tat org.openqa.selenium.remote.RemoteWebElement.click(RemoteWebElement.java:77)\r\n\tat dev.selenium.pageelements.Button.clickOnButton(Button.java:12)\r\n\tat dev.selenium.pages.DocumentationPage.clickOnTabButton(DocumentationPage.java:39)\r\n\tat dev.selenium.stepdefinitions.DocumentationPageSteps.userSeesCodeSnippetsOfProgramingLanguages(DocumentationPageSteps.java:36)\r\n\tat ✽.user sees code snippets of programing languages(classpath:features/documentationpagetests.feature:8)\r\n"},"stage":"finished","steps":[],"attachments":[{"name":"Data table","source":"9cfaddd6-5504-430d-b211-16aeaa4d96ed-attachment.csv","type":"text/tab-separated-values"}],"parameters":[],"start":1697614212417,"stop":1697614213863}],"attachments":[],"parameters":[],"start":1697614207842,"stop":1697614214662}